Base path: 'C:/Program Files/Unity/Hub/Editor/2019.4.8f1/Editor/Data', plugins path 'C:/Program Files/Unity/Hub/Editor/2019.4.8f1/Editor/Data/PlaybackEngines'
Cmd: initializeCompiler
Cmd: compileComputeKernel
  error: 2 plat 4 at Fourier.compute(181): array dimensions must be literal scalar expressions
  api=4 insize=7050 outsize=0 ok=0
Cmd: compileComputeKernel
  error: 1 plat 4 at Fourier.compute(178): 'getEuler': conversion from larger type to smaller, possible loss of data
  error: 2 plat 4 at Fourier.compute(192): cannot implicitly convert from 'const struct Complex' to 'float4'
  api=4 insize=7042 outsize=0 ok=0
Cmd: compileComputeKernel
  error: 1 plat 4 at Fourier.compute(178): 'getEuler': conversion from larger type to smaller, possible loss of data
  error: 2 plat 4 at Fourier.compute(192): cannot implicitly convert from 'const struct Complex' to 'float4'
  api=4 insize=7042 outsize=0 ok=0
Cmd: compileComputeKernel
  error: 1 plat 4 at Fourier.compute(178): 'getEuler': conversion from larger type to smaller, possible loss of data
  error: 2 plat 4 at Fourier.compute(192): cannot implicitly convert from 'const struct Complex' to 'float4'
  api=4 insize=7042 outsize=0 ok=0
Cmd: compileComputeKernel
  error: 1 plat 4 at Fourier.compute(178): 'getEuler': conversion from larger type to smaller, possible loss of data
  error: 2 plat 4 at Fourier.compute(192): cannot implicitly convert from 'const struct Complex' to 'float4'
  api=4 insize=7042 outsize=0 ok=0
Cmd: compileComputeKernel
  error: 1 plat 4 at Fourier.compute(178): 'getEuler': conversion from larger type to smaller, possible loss of data
  error: 1 plat 4 at Fourier.compute(184): integer divides may be much slower, try using uints if possible.
  error: 1 plat 4 at Fourier.compute(186): integer divides may be much slower, try using uints if possible.
  error: 2 plat 4 at Fourier.compute(192): typed UAV stores must write all declared components.
  error: 2 plat 4 at Fourier.compute(193): typed UAV stores must write all declared components.
  error: 2 plat 4 at Fourier.compute(195): typed UAV stores must write all declared components.
  error: 1 plat 4 at Fourier.compute(195): integer divides may be much slower, try using uints if possible.
  error: 2 plat 4 at Fourier.compute(196): typed UAV stores must write all declared components.
  error: 1 plat 4 at Fourier.compute(196): integer divides may be much slower, try using uints if possible.
  api=4 insize=7247 outsize=0 ok=0
Cmd: compileComputeKernel
  api=4 insize=6090 outsize=1633 ok=1

Quitting shader compiler process
