Base path: 'C:/Program Files/Unity/Hub/Editor/2019.4.8f1/Editor/Data', plugins path 'C:/Program Files/Unity/Hub/Editor/2019.4.8f1/Editor/Data/PlaybackEngines'
Cmd: initializeCompiler
Cmd: compileComputeKernel
  error: 2 plat 4 at Fourier.compute(163): array dimensions must be literal scalar expressions
  api=4 insize=6982 outsize=0 ok=0
Cmd: compileComputeKernel
  error: 2 plat 4 at Fourier.compute(165): array dimensions must be literal scalar expressions
  api=4 insize=7019 outsize=0 ok=0
Cmd: compileComputeKernel
  error: 2 plat 4 at Fourier.compute(165): array dimensions must be literal scalar expressions
  api=4 insize=7058 outsize=0 ok=0
Cmd: compileComputeKernel
  error: 2 plat 4 at Fourier.compute(181): array dimensions must be literal scalar expressions
  api=4 insize=7050 outsize=0 ok=0
Cmd: compileComputeKernel
  error: 1 plat 4 at Fourier.compute(186): 'getEuler': conversion from larger type to smaller, possible loss of data
  error: 2 plat 4 at Fourier.compute(200): cannot implicitly convert from 'const struct Complex' to 'float4'
  api=4 insize=7042 outsize=0 ok=0
Cmd: compileComputeKernel
  error: 1 plat 4 at Fourier.compute(178): 'getEuler': conversion from larger type to smaller, possible loss of data
  api=4 insize=7247 outsize=229 ok=1
Cmd: compileComputeKernel
  api=4 insize=6090 outsize=2430 ok=1

Quitting shader compiler process
